CRITICAL - 2024-06-04 10:29:38 --> ErrorException: Attempt to read property "nama_mk" on null
in APPPATH\Views\mk\edit_matakuliah.php on line 288.
 1 APPPATH\Views\mk\edit_matakuliah.php(288): CodeIgniter\Debug\Exceptions->errorHandler(2, 'Attempt to read property "nama_mk" on null', 'C:\\xampp\\htdocs\\rama_tes1\\app\\Views\\mk\\edit_matakuliah.php', 288)
 2 SYSTEMPATH\View\View.php(228): include('C:\\xampp\\htdocs\\rama_tes1\\app\\Views\\mk\\edit_matakuliah.php')
 3 SYSTEMPATH\View\View.php(231): CodeIgniter\View\View->CodeIgniter\View\{closure}()
 4 SYSTEMPATH\Common.php(1178): CodeIgniter\View\View->render('mk/edit_matakuliah.php', [], true)
 5 APPPATH\Controllers\Matakuliah.php(51): view('mk/edit_matakuliah.php', [...])
 6 SYSTEMPATH\CodeIgniter.php(943): App\Controllers\Matakuliah->edit('public', 'bootstrap-examples', 'assets', 'js', 'color-modes.js')
 7 SYSTEMPATH\CodeIgniter.php(503): CodeIgniter\CodeIgniter->runController(Object(App\Controllers\Matakuliah))
 8 SYSTEMPATH\CodeIgniter.php(361): CodeIgniter\CodeIgniter->handleRequest(null, Object(Config\Cache), false)
 9 FCPATH\index.php(79): CodeIgniter\CodeIgniter->run()
CRITICAL - 2024-06-04 10:29:42 --> ErrorException: Undefined variable $prodilist
in APPPATH\Views\mk\tambah_matakuliah.php on line 314.
 1 APPPATH\Views\mk\tambah_matakuliah.php(314): CodeIgniter\Debug\Exceptions->errorHandler(2, 'Undefined variable $prodilist', 'C:\\xampp\\htdocs\\rama_tes1\\app\\Views\\mk\\tambah_matakuliah.php', 314)
 2 SYSTEMPATH\View\View.php(228): include('C:\\xampp\\htdocs\\rama_tes1\\app\\Views\\mk\\tambah_matakuliah.php')
 3 SYSTEMPATH\View\View.php(231): CodeIgniter\View\View->CodeIgniter\View\{closure}()
 4 SYSTEMPATH\Common.php(1178): CodeIgniter\View\View->render('mk/tambah_matakuliah.php', [], true)
 5 APPPATH\Controllers\Matakuliah.php(36): view('mk/tambah_matakuliah.php', [...])
 6 SYSTEMPATH\CodeIgniter.php(943): App\Controllers\Matakuliah->tambah()
 7 SYSTEMPATH\CodeIgniter.php(503): CodeIgniter\CodeIgniter->runController(Object(App\Controllers\Matakuliah))
 8 SYSTEMPATH\CodeIgniter.php(361): CodeIgniter\CodeIgniter->handleRequest(null, Object(Config\Cache), false)
 9 FCPATH\index.php(79): CodeIgniter\CodeIgniter->run()
CRITICAL - 2024-06-04 10:31:33 --> ErrorException: Undefined variable $prodilist
in APPPATH\Views\mk\tambah_matakuliah.php on line 314.
 1 APPPATH\Views\mk\tambah_matakuliah.php(314): CodeIgniter\Debug\Exceptions->errorHandler(2, 'Undefined variable $prodilist', 'C:\\xampp\\htdocs\\rama_tes1\\app\\Views\\mk\\tambah_matakuliah.php', 314)
 2 SYSTEMPATH\View\View.php(228): include('C:\\xampp\\htdocs\\rama_tes1\\app\\Views\\mk\\tambah_matakuliah.php')
 3 SYSTEMPATH\View\View.php(231): CodeIgniter\View\View->CodeIgniter\View\{closure}()
 4 SYSTEMPATH\Common.php(1178): CodeIgniter\View\View->render('mk/tambah_matakuliah.php', [], true)
 5 APPPATH\Controllers\Matakuliah.php(36): view('mk/tambah_matakuliah.php', [...])
 6 SYSTEMPATH\CodeIgniter.php(943): App\Controllers\Matakuliah->tambah()
 7 SYSTEMPATH\CodeIgniter.php(503): CodeIgniter\CodeIgniter->runController(Object(App\Controllers\Matakuliah))
 8 SYSTEMPATH\CodeIgniter.php(361): CodeIgniter\CodeIgniter->handleRequest(null, Object(Config\Cache), false)
 9 FCPATH\index.php(79): CodeIgniter\CodeIgniter->run()
CRITICAL - 2024-06-04 11:36:33 --> ErrorException: Attempt to read property "nama_mk" on null
in APPPATH\Views\mk\edit_matakuliah.php on line 288.
 1 APPPATH\Views\mk\edit_matakuliah.php(288): CodeIgniter\Debug\Exceptions->errorHandler(2, 'Attempt to read property "nama_mk" on null', 'C:\\xampp\\htdocs\\rama_tes1\\app\\Views\\mk\\edit_matakuliah.php', 288)
 2 SYSTEMPATH\View\View.php(228): include('C:\\xampp\\htdocs\\rama_tes1\\app\\Views\\mk\\edit_matakuliah.php')
 3 SYSTEMPATH\View\View.php(231): CodeIgniter\View\View->CodeIgniter\View\{closure}()
 4 SYSTEMPATH\Common.php(1178): CodeIgniter\View\View->render('mk/edit_matakuliah.php', [], true)
 5 APPPATH\Controllers\Matakuliah.php(51): view('mk/edit_matakuliah.php', [...])
 6 SYSTEMPATH\CodeIgniter.php(943): App\Controllers\Matakuliah->edit('public', 'bootstrap-examples', 'assets', 'js', 'color-modes.js')
 7 SYSTEMPATH\CodeIgniter.php(503): CodeIgniter\CodeIgniter->runController(Object(App\Controllers\Matakuliah))
 8 SYSTEMPATH\CodeIgniter.php(361): CodeIgniter\CodeIgniter->handleRequest(null, Object(Config\Cache), false)
 9 FCPATH\index.php(79): CodeIgniter\CodeIgniter->run()
CRITICAL - 2024-06-04 12:55:51 --> ErrorException: Undefined variable $data
in APPPATH\Controllers\Dashboard.php on line 10.
 1 APPPATH\Controllers\Dashboard.php(10): CodeIgniter\Debug\Exceptions->errorHandler(2, 'Undefined variable $data', 'C:\\xampp\\htdocs\\kelompok1\\app\\Controllers\\Dashboard.php', 10)
 2 SYSTEMPATH\CodeIgniter.php(943): App\Controllers\Dashboard->index()
 3 SYSTEMPATH\CodeIgniter.php(503): CodeIgniter\CodeIgniter->runController(Object(App\Controllers\Dashboard))
 4 SYSTEMPATH\CodeIgniter.php(361): CodeIgniter\CodeIgniter->handleRequest(null, Object(Config\Cache), false)
 5 FCPATH\index.php(79): CodeIgniter\CodeIgniter->run()
CRITICAL - 2024-06-04 13:45:54 --> Error: Class "App\Models\M_kategori" not found
in APPPATH\Controllers\Kategori.php on line 13.
 1 SYSTEMPATH\CodeIgniter.php(915): App\Controllers\Kategori->__construct()
 2 SYSTEMPATH\CodeIgniter.php(494): CodeIgniter\CodeIgniter->createController()
 3 SYSTEMPATH\CodeIgniter.php(361): CodeIgniter\CodeIgniter->handleRequest(null, Object(Config\Cache), false)
 4 FCPATH\index.php(79): CodeIgniter\CodeIgniter->run()
CRITICAL - 2024-06-04 13:47:33 --> CodeIgniter\View\Exceptions\ViewException: Invalid file: "kategori/list_kategori.php"
in SYSTEMPATH\Exceptions\FrameworkException.php on line 39.
 1 SYSTEMPATH\View\View.php(216): CodeIgniter\Exceptions\FrameworkException::forInvalidFile('kategori/list_kategori.php')
 2 SYSTEMPATH\Common.php(1178): CodeIgniter\View\View->render('kategori/list_kategori.php', [], true)
 3 APPPATH\Controllers\Kategori.php(20): view('kategori/list_kategori.php', [...])
 4 SYSTEMPATH\CodeIgniter.php(943): App\Controllers\Kategori->index()
 5 SYSTEMPATH\CodeIgniter.php(503): CodeIgniter\CodeIgniter->runController(Object(App\Controllers\Kategori))
 6 SYSTEMPATH\CodeIgniter.php(361): CodeIgniter\CodeIgniter->handleRequest(null, Object(Config\Cache), false)
 7 FCPATH\index.php(79): CodeIgniter\CodeIgniter->run()
CRITICAL - 2024-06-04 13:52:05 --> ErrorException: Undefined property: stdClass::$id_kategori
in APPPATH\Views\kategori\list_kategori.php on line 24.
 1 APPPATH\Views\kategori\list_kategori.php(24): CodeIgniter\Debug\Exceptions->errorHandler(2, 'Undefined property: stdClass::$id_kategori', 'C:\\xampp\\htdocs\\kelompok1\\app\\Views\\kategori\\list_kategori.php', 24)
 2 SYSTEMPATH\View\View.php(228): include('C:\\xampp\\htdocs\\kelompok1\\app\\Views\\kategori\\list_kategori.php')
 3 SYSTEMPATH\View\View.php(231): CodeIgniter\View\View->CodeIgniter\View\{closure}()
 4 SYSTEMPATH\Common.php(1178): CodeIgniter\View\View->render('kategori/list_kategori.php', [], true)
 5 APPPATH\Controllers\Kategori.php(21): view('kategori/list_kategori.php', [...])
 6 SYSTEMPATH\CodeIgniter.php(943): App\Controllers\Kategori->index()
 7 SYSTEMPATH\CodeIgniter.php(503): CodeIgniter\CodeIgniter->runController(Object(App\Controllers\Kategori))
 8 SYSTEMPATH\CodeIgniter.php(361): CodeIgniter\CodeIgniter->handleRequest(null, Object(Config\Cache), false)
 9 FCPATH\index.php(79): CodeIgniter\CodeIgniter->run()
CRITICAL - 2024-06-04 13:54:13 --> CodeIgniter\View\Exceptions\ViewException: Invalid file: "barang/tambah_barang.php"
in SYSTEMPATH\Exceptions\FrameworkException.php on line 39.
 1 SYSTEMPATH\View\View.php(216): CodeIgniter\Exceptions\FrameworkException::forInvalidFile('barang/tambah_barang.php')
 2 SYSTEMPATH\Common.php(1178): CodeIgniter\View\View->render('barang/tambah_barang.php', [], true)
 3 APPPATH\Controllers\Barang.php(41): view('barang/tambah_barang.php', [...])
 4 SYSTEMPATH\CodeIgniter.php(943): App\Controllers\Barang->tambah()
 5 SYSTEMPATH\CodeIgniter.php(503): CodeIgniter\CodeIgniter->runController(Object(App\Controllers\Barang))
 6 SYSTEMPATH\CodeIgniter.php(361): CodeIgniter\CodeIgniter->handleRequest(null, Object(Config\Cache), false)
 7 FCPATH\index.php(79): CodeIgniter\CodeIgniter->run()
CRITICAL - 2024-06-04 13:54:24 --> CodeIgniter\View\Exceptions\ViewException: Invalid file: "barang/tambah_barang.php"
in SYSTEMPATH\Exceptions\FrameworkException.php on line 39.
 1 SYSTEMPATH\View\View.php(216): CodeIgniter\Exceptions\FrameworkException::forInvalidFile('barang/tambah_barang.php')
 2 SYSTEMPATH\Common.php(1178): CodeIgniter\View\View->render('barang/tambah_barang.php', [], true)
 3 APPPATH\Controllers\Barang.php(41): view('barang/tambah_barang.php', [...])
 4 SYSTEMPATH\CodeIgniter.php(943): App\Controllers\Barang->tambah()
 5 SYSTEMPATH\CodeIgniter.php(503): CodeIgniter\CodeIgniter->runController(Object(App\Controllers\Barang))
 6 SYSTEMPATH\CodeIgniter.php(361): CodeIgniter\CodeIgniter->handleRequest(null, Object(Config\Cache), false)
 7 FCPATH\index.php(79): CodeIgniter\CodeIgniter->run()
CRITICAL - 2024-06-04 13:54:36 --> CodeIgniter\View\Exceptions\ViewException: Invalid file: "barang/tambah_barang.php"
in SYSTEMPATH\Exceptions\FrameworkException.php on line 39.
 1 SYSTEMPATH\View\View.php(216): CodeIgniter\Exceptions\FrameworkException::forInvalidFile('barang/tambah_barang.php')
 2 SYSTEMPATH\Common.php(1178): CodeIgniter\View\View->render('barang/tambah_barang.php', [], true)
 3 APPPATH\Controllers\Barang.php(41): view('barang/tambah_barang.php', [...])
 4 SYSTEMPATH\CodeIgniter.php(943): App\Controllers\Barang->tambah()
 5 SYSTEMPATH\CodeIgniter.php(503): CodeIgniter\CodeIgniter->runController(Object(App\Controllers\Barang))
 6 SYSTEMPATH\CodeIgniter.php(361): CodeIgniter\CodeIgniter->handleRequest(null, Object(Config\Cache), false)
 7 FCPATH\index.php(79): CodeIgniter\CodeIgniter->run()
CRITICAL - 2024-06-04 13:57:01 --> CodeIgniter\View\Exceptions\ViewException: Invalid file: "kategori/tambah_kategori.php"
in SYSTEMPATH\Exceptions\FrameworkException.php on line 39.
 1 SYSTEMPATH\View\View.php(216): CodeIgniter\Exceptions\FrameworkException::forInvalidFile('kategori/tambah_kategori.php')
 2 SYSTEMPATH\Common.php(1178): CodeIgniter\View\View->render('kategori/tambah_kategori.php', [], true)
 3 APPPATH\Controllers\Kategori.php(33): view('kategori/tambah_kategori.php')
 4 SYSTEMPATH\CodeIgniter.php(943): App\Controllers\Kategori->tambah()
 5 SYSTEMPATH\CodeIgniter.php(503): CodeIgniter\CodeIgniter->runController(Object(App\Controllers\Kategori))
 6 SYSTEMPATH\CodeIgniter.php(361): CodeIgniter\CodeIgniter->handleRequest(null, Object(Config\Cache), false)
 7 FCPATH\index.php(79): CodeIgniter\CodeIgniter->run()
