CRITICAL - 2024-07-07 00:02:57 --> ArgumentCountError: Too few arguments to function App\Models\M_peminjaman::updateData(), 6 passed in C:\xampp\htdocs\perpustakaan-ci\app\Controllers\Peminjaman.php on line 76 and exactly 7 expected
in APPPATH\Models\M_peminjaman.php on line 57.
 1 APPPATH\Controllers\Peminjaman.php(76): App\Models\M_peminjaman->updateData('1', null, null, null, null, 'dikembalikan')
 2 SYSTEMPATH\CodeIgniter.php(943): App\Controllers\Peminjaman->edit('1')
 3 SYSTEMPATH\CodeIgniter.php(503): CodeIgniter\CodeIgniter->runController(Object(App\Controllers\Peminjaman))
 4 SYSTEMPATH\CodeIgniter.php(361): CodeIgniter\CodeIgniter->handleRequest(null, Object(Config\Cache), false)
 5 FCPATH\index.php(79): CodeIgniter\CodeIgniter->run()
ERROR - 2024-07-07 00:03:44 --> mysqli_sql_exception: Cannot add or update a child row: a foreign key constraint fails (`perpustakaan-ci`.`tbl_peminjaman`, CONSTRAINT `user1` FOREIGN KEY (`id_user`) REFERENCES `tbl_user` (`id_user`)) in C:\xampp\htdocs\perpustakaan-ci\system\Database\MySQLi\Connection.php:306
Stack trace:
#0 C:\xampp\htdocs\perpustakaan-ci\system\Database\MySQLi\Connection.php(306): mysqli->query('UPDATE tbl_pemi...', 0)
#1 C:\xampp\htdocs\perpustakaan-ci\system\Database\BaseConnection.php(693): CodeIgniter\Database\MySQLi\Connection->execute('UPDATE tbl_pemi...')
#2 C:\xampp\htdocs\perpustakaan-ci\app\Models\M_peminjaman.php(63): CodeIgniter\Database\BaseConnection->simpleQuery('UPDATE tbl_pemi...')
#3 C:\xampp\htdocs\perpustakaan-ci\app\Controllers\Peminjaman.php(76): App\Models\M_peminjaman->updateData('1', NULL, NULL, NULL, NULL, 'dikembalikan')
#4 C:\xampp\htdocs\perpustakaan-ci\system\CodeIgniter.php(943): App\Controllers\Peminjaman->edit('1')
#5 C:\xampp\htdocs\perpustakaan-ci\system\CodeIgniter.php(503): CodeIgniter\CodeIgniter->runController(Object(App\Controllers\Peminjaman))
#6 C:\xampp\htdocs\perpustakaan-ci\system\CodeIgniter.php(361): CodeIgniter\CodeIgniter->handleRequest(NULL, Object(Config\Cache), false)
#7 C:\xampp\htdocs\perpustakaan-ci\index.php(79): CodeIgniter\CodeIgniter->run()
#8 {main}
CRITICAL - 2024-07-07 00:03:44 --> CodeIgniter\Database\Exceptions\DatabaseException: Cannot add or update a child row: a foreign key constraint fails (`perpustakaan-ci`.`tbl_peminjaman`, CONSTRAINT `user1` FOREIGN KEY (`id_user`) REFERENCES `tbl_user` (`id_user`))
in SYSTEMPATH\Database\MySQLi\Connection.php on line 311.
 1 SYSTEMPATH\Database\BaseConnection.php(693): CodeIgniter\Database\MySQLi\Connection->execute('UPDATE tbl_peminjaman SET id_user = \'\', kode_buku = \'\', tanggal_peminjaman = \'\', tanggal_dikembalikan = \'\', status_peminjaman = \'dikembalikan\' WHERE kode_peminjaman = \'1\';')
 2 APPPATH\Models\M_peminjaman.php(63): CodeIgniter\Database\BaseConnection->simpleQuery('UPDATE tbl_peminjaman SET id_user = \'\', kode_buku = \'\', tanggal_peminjaman = \'\', tanggal_dikembalikan = \'\', status_peminjaman = \'dikembalikan\' WHERE kode_peminjaman = \'1\';')
 3 APPPATH\Controllers\Peminjaman.php(76): App\Models\M_peminjaman->updateData('1', null, null, null, null, 'dikembalikan')
 4 SYSTEMPATH\CodeIgniter.php(943): App\Controllers\Peminjaman->edit('1')
 5 SYSTEMPATH\CodeIgniter.php(503): CodeIgniter\CodeIgniter->runController(Object(App\Controllers\Peminjaman))
 6 SYSTEMPATH\CodeIgniter.php(361): CodeIgniter\CodeIgniter->handleRequest(null, Object(Config\Cache), false)
 7 FCPATH\index.php(79): CodeIgniter\CodeIgniter->run()
CRITICAL - 2024-07-07 00:03:44 --> [Caused by] mysqli_sql_exception: Cannot add or update a child row: a foreign key constraint fails (`perpustakaan-ci`.`tbl_peminjaman`, CONSTRAINT `user1` FOREIGN KEY (`id_user`) REFERENCES `tbl_user` (`id_user`))
in SYSTEMPATH\Database\MySQLi\Connection.php on line 306.
 1 SYSTEMPATH\Database\MySQLi\Connection.php(306): mysqli->query('UPDATE tbl_peminjaman SET id_user = \'\', kode_buku = \'\', tanggal_peminjaman = \'\', tanggal_dikembalikan = \'\', status_peminjaman = \'dikembalikan\' WHERE kode_peminjaman = \'1\';', 0)
 2 SYSTEMPATH\Database\BaseConnection.php(693): CodeIgniter\Database\MySQLi\Connection->execute('UPDATE tbl_peminjaman SET id_user = \'\', kode_buku = \'\', tanggal_peminjaman = \'\', tanggal_dikembalikan = \'\', status_peminjaman = \'dikembalikan\' WHERE kode_peminjaman = \'1\';')
 3 APPPATH\Models\M_peminjaman.php(63): CodeIgniter\Database\BaseConnection->simpleQuery('UPDATE tbl_peminjaman SET id_user = \'\', kode_buku = \'\', tanggal_peminjaman = \'\', tanggal_dikembalikan = \'\', status_peminjaman = \'dikembalikan\' WHERE kode_peminjaman = \'1\';')
 4 APPPATH\Controllers\Peminjaman.php(76): App\Models\M_peminjaman->updateData('1', null, null, null, null, 'dikembalikan')
 5 SYSTEMPATH\CodeIgniter.php(943): App\Controllers\Peminjaman->edit('1')
 6 SYSTEMPATH\CodeIgniter.php(503): CodeIgniter\CodeIgniter->runController(Object(App\Controllers\Peminjaman))
 7 SYSTEMPATH\CodeIgniter.php(361): CodeIgniter\CodeIgniter->handleRequest(null, Object(Config\Cache), false)
 8 FCPATH\index.php(79): CodeIgniter\CodeIgniter->run()
CRITICAL - 2024-07-07 00:04:08 --> ArgumentCountError: Too few arguments to function App\Models\M_peminjaman::updateData(), 6 passed in C:\xampp\htdocs\perpustakaan-ci\app\Controllers\Peminjaman.php on line 76 and exactly 7 expected
in APPPATH\Models\M_peminjaman.php on line 57.
 1 APPPATH\Controllers\Peminjaman.php(76): App\Models\M_peminjaman->updateData('1', null, null, null, null, 'dikembalikan')
 2 SYSTEMPATH\CodeIgniter.php(943): App\Controllers\Peminjaman->edit('1')
 3 SYSTEMPATH\CodeIgniter.php(503): CodeIgniter\CodeIgniter->runController(Object(App\Controllers\Peminjaman))
 4 SYSTEMPATH\CodeIgniter.php(361): CodeIgniter\CodeIgniter->handleRequest(null, Object(Config\Cache), false)
 5 FCPATH\index.php(79): CodeIgniter\CodeIgniter->run()
CRITICAL - 2024-07-07 00:06:17 --> ArgumentCountError: Too few arguments to function App\Models\M_peminjaman::updateData(), 6 passed in C:\xampp\htdocs\perpustakaan-ci\app\Controllers\Peminjaman.php on line 76 and exactly 7 expected
in APPPATH\Models\M_peminjaman.php on line 57.
 1 APPPATH\Controllers\Peminjaman.php(76): App\Models\M_peminjaman->updateData('1', null, null, null, null, 'dikembalikan')
 2 SYSTEMPATH\CodeIgniter.php(943): App\Controllers\Peminjaman->edit('1')
 3 SYSTEMPATH\CodeIgniter.php(503): CodeIgniter\CodeIgniter->runController(Object(App\Controllers\Peminjaman))
 4 SYSTEMPATH\CodeIgniter.php(361): CodeIgniter\CodeIgniter->handleRequest(null, Object(Config\Cache), false)
 5 FCPATH\index.php(79): CodeIgniter\CodeIgniter->run()
CRITICAL - 2024-07-07 00:09:23 --> CodeIgniter\View\Exceptions\ViewException: Invalid file: "edit_peminjaman.php"
in SYSTEMPATH\Exceptions\FrameworkException.php on line 39.
 1 SYSTEMPATH\View\View.php(216): CodeIgniter\Exceptions\FrameworkException::forInvalidFile('edit_peminjaman.php')
 2 SYSTEMPATH\Common.php(1178): CodeIgniter\View\View->render('edit_peminjaman', [], true)
 3 APPPATH\Controllers\Peminjaman.php(92): view('edit_peminjaman', [...])
 4 SYSTEMPATH\CodeIgniter.php(943): App\Controllers\Peminjaman->edit('1')
 5 SYSTEMPATH\CodeIgniter.php(503): CodeIgniter\CodeIgniter->runController(Object(App\Controllers\Peminjaman))
 6 SYSTEMPATH\CodeIgniter.php(361): CodeIgniter\CodeIgniter->handleRequest(null, Object(Config\Cache), false)
 7 FCPATH\index.php(79): CodeIgniter\CodeIgniter->run()
CRITICAL - 2024-07-07 00:09:26 --> CodeIgniter\View\Exceptions\ViewException: Invalid file: "edit_peminjaman.php"
in SYSTEMPATH\Exceptions\FrameworkException.php on line 39.
 1 SYSTEMPATH\View\View.php(216): CodeIgniter\Exceptions\FrameworkException::forInvalidFile('edit_peminjaman.php')
 2 SYSTEMPATH\Common.php(1178): CodeIgniter\View\View->render('edit_peminjaman', [], true)
 3 APPPATH\Controllers\Peminjaman.php(92): view('edit_peminjaman', [...])
 4 SYSTEMPATH\CodeIgniter.php(943): App\Controllers\Peminjaman->edit('1')
 5 SYSTEMPATH\CodeIgniter.php(503): CodeIgniter\CodeIgniter->runController(Object(App\Controllers\Peminjaman))
 6 SYSTEMPATH\CodeIgniter.php(361): CodeIgniter\CodeIgniter->handleRequest(null, Object(Config\Cache), false)
 7 FCPATH\index.php(79): CodeIgniter\CodeIgniter->run()
ERROR - 2024-07-07 00:10:50 --> mysqli_sql_exception: Cannot add or update a child row: a foreign key constraint fails (`perpustakaan-ci`.`tbl_peminjaman`, CONSTRAINT `user1` FOREIGN KEY (`id_user`) REFERENCES `tbl_user` (`id_user`)) in C:\xampp\htdocs\perpustakaan-ci\system\Database\MySQLi\Connection.php:306
Stack trace:
#0 C:\xampp\htdocs\perpustakaan-ci\system\Database\MySQLi\Connection.php(306): mysqli->query('UPDATE tbl_pemi...', 0)
#1 C:\xampp\htdocs\perpustakaan-ci\system\Database\BaseConnection.php(693): CodeIgniter\Database\MySQLi\Connection->execute('UPDATE tbl_pemi...')
#2 C:\xampp\htdocs\perpustakaan-ci\app\Models\M_peminjaman.php(62): CodeIgniter\Database\BaseConnection->simpleQuery('UPDATE tbl_pemi...')
#3 C:\xampp\htdocs\perpustakaan-ci\app\Controllers\Peminjaman.php(76): App\Models\M_peminjaman->updateData('1', NULL, NULL, NULL, NULL, 'dikembalikan')
#4 C:\xampp\htdocs\perpustakaan-ci\system\CodeIgniter.php(943): App\Controllers\Peminjaman->edit('1')
#5 C:\xampp\htdocs\perpustakaan-ci\system\CodeIgniter.php(503): CodeIgniter\CodeIgniter->runController(Object(App\Controllers\Peminjaman))
#6 C:\xampp\htdocs\perpustakaan-ci\system\CodeIgniter.php(361): CodeIgniter\CodeIgniter->handleRequest(NULL, Object(Config\Cache), false)
#7 C:\xampp\htdocs\perpustakaan-ci\index.php(79): CodeIgniter\CodeIgniter->run()
#8 {main}
CRITICAL - 2024-07-07 00:10:50 --> CodeIgniter\Database\Exceptions\DatabaseException: Cannot add or update a child row: a foreign key constraint fails (`perpustakaan-ci`.`tbl_peminjaman`, CONSTRAINT `user1` FOREIGN KEY (`id_user`) REFERENCES `tbl_user` (`id_user`))
in SYSTEMPATH\Database\MySQLi\Connection.php on line 311.
 1 SYSTEMPATH\Database\BaseConnection.php(693): CodeIgniter\Database\MySQLi\Connection->execute('UPDATE tbl_peminjaman SET id_user = \'\', kode_buku = \'\', tanggal_peminjaman = \'\', tanggal_dikembalikan = \'\', status_peminjaman = \'dikembalikan\' WHERE kode_peminjaman = \'1\';')
 2 APPPATH\Models\M_peminjaman.php(62): CodeIgniter\Database\BaseConnection->simpleQuery('UPDATE tbl_peminjaman SET id_user = \'\', kode_buku = \'\', tanggal_peminjaman = \'\', tanggal_dikembalikan = \'\', status_peminjaman = \'dikembalikan\' WHERE kode_peminjaman = \'1\';')
 3 APPPATH\Controllers\Peminjaman.php(76): App\Models\M_peminjaman->updateData('1', null, null, null, null, 'dikembalikan')
 4 SYSTEMPATH\CodeIgniter.php(943): App\Controllers\Peminjaman->edit('1')
 5 SYSTEMPATH\CodeIgniter.php(503): CodeIgniter\CodeIgniter->runController(Object(App\Controllers\Peminjaman))
 6 SYSTEMPATH\CodeIgniter.php(361): CodeIgniter\CodeIgniter->handleRequest(null, Object(Config\Cache), false)
 7 FCPATH\index.php(79): CodeIgniter\CodeIgniter->run()
CRITICAL - 2024-07-07 00:10:50 --> [Caused by] mysqli_sql_exception: Cannot add or update a child row: a foreign key constraint fails (`perpustakaan-ci`.`tbl_peminjaman`, CONSTRAINT `user1` FOREIGN KEY (`id_user`) REFERENCES `tbl_user` (`id_user`))
in SYSTEMPATH\Database\MySQLi\Connection.php on line 306.
 1 SYSTEMPATH\Database\MySQLi\Connection.php(306): mysqli->query('UPDATE tbl_peminjaman SET id_user = \'\', kode_buku = \'\', tanggal_peminjaman = \'\', tanggal_dikembalikan = \'\', status_peminjaman = \'dikembalikan\' WHERE kode_peminjaman = \'1\';', 0)
 2 SYSTEMPATH\Database\BaseConnection.php(693): CodeIgniter\Database\MySQLi\Connection->execute('UPDATE tbl_peminjaman SET id_user = \'\', kode_buku = \'\', tanggal_peminjaman = \'\', tanggal_dikembalikan = \'\', status_peminjaman = \'dikembalikan\' WHERE kode_peminjaman = \'1\';')
 3 APPPATH\Models\M_peminjaman.php(62): CodeIgniter\Database\BaseConnection->simpleQuery('UPDATE tbl_peminjaman SET id_user = \'\', kode_buku = \'\', tanggal_peminjaman = \'\', tanggal_dikembalikan = \'\', status_peminjaman = \'dikembalikan\' WHERE kode_peminjaman = \'1\';')
 4 APPPATH\Controllers\Peminjaman.php(76): App\Models\M_peminjaman->updateData('1', null, null, null, null, 'dikembalikan')
 5 SYSTEMPATH\CodeIgniter.php(943): App\Controllers\Peminjaman->edit('1')
 6 SYSTEMPATH\CodeIgniter.php(503): CodeIgniter\CodeIgniter->runController(Object(App\Controllers\Peminjaman))
 7 SYSTEMPATH\CodeIgniter.php(361): CodeIgniter\CodeIgniter->handleRequest(null, Object(Config\Cache), false)
 8 FCPATH\index.php(79): CodeIgniter\CodeIgniter->run()
INFO - 2024-07-07 00:13:10 --> Session: Class initialized using 'CodeIgniter\Session\Handlers\FileHandler' driver.
CRITICAL - 2024-07-07 00:42:39 --> ErrorException: Attempt to read property "kode_buku" on null
in APPPATH\Views\buku\edit_buku.php on line 16.
 1 APPPATH\Views\buku\edit_buku.php(16): CodeIgniter\Debug\Exceptions->errorHandler(2, 'Attempt to read property "kode_buku" on null', 'C:\\xampp\\htdocs\\perpustakaan-ci\\app\\Views\\buku\\edit_buku.php', 16)
 2 SYSTEMPATH\View\View.php(228): include('C:\\xampp\\htdocs\\perpustakaan-ci\\app\\Views\\buku\\edit_buku.php')
 3 SYSTEMPATH\View\View.php(231): CodeIgniter\View\View->CodeIgniter\View\{closure}()
 4 SYSTEMPATH\Common.php(1178): CodeIgniter\View\View->render('buku/edit_buku.php', [], true)
 5 APPPATH\Controllers\Buku.php(98): view('buku/edit_buku.php', [...])
 6 SYSTEMPATH\CodeIgniter.php(943): App\Controllers\Buku->edit('4')
 7 SYSTEMPATH\CodeIgniter.php(503): CodeIgniter\CodeIgniter->runController(Object(App\Controllers\Buku))
 8 SYSTEMPATH\CodeIgniter.php(361): CodeIgniter\CodeIgniter->handleRequest(null, Object(Config\Cache), false)
 9 FCPATH\index.php(79): CodeIgniter\CodeIgniter->run()
CRITICAL - 2024-07-07 00:42:45 --> ErrorException: Attempt to read property "kode_buku" on null
in APPPATH\Views\buku\edit_buku.php on line 16.
 1 APPPATH\Views\buku\edit_buku.php(16): CodeIgniter\Debug\Exceptions->errorHandler(2, 'Attempt to read property "kode_buku" on null', 'C:\\xampp\\htdocs\\perpustakaan-ci\\app\\Views\\buku\\edit_buku.php', 16)
 2 SYSTEMPATH\View\View.php(228): include('C:\\xampp\\htdocs\\perpustakaan-ci\\app\\Views\\buku\\edit_buku.php')
 3 SYSTEMPATH\View\View.php(231): CodeIgniter\View\View->CodeIgniter\View\{closure}()
 4 SYSTEMPATH\Common.php(1178): CodeIgniter\View\View->render('buku/edit_buku.php', [], true)
 5 APPPATH\Controllers\Buku.php(98): view('buku/edit_buku.php', [...])
 6 SYSTEMPATH\CodeIgniter.php(943): App\Controllers\Buku->edit('4')
 7 SYSTEMPATH\CodeIgniter.php(503): CodeIgniter\CodeIgniter->runController(Object(App\Controllers\Buku))
 8 SYSTEMPATH\CodeIgniter.php(361): CodeIgniter\CodeIgniter->handleRequest(null, Object(Config\Cache), false)
 9 FCPATH\index.php(79): CodeIgniter\CodeIgniter->run()
CRITICAL - 2024-07-07 00:43:24 --> ErrorException: Attempt to read property "kode_buku" on null
in APPPATH\Views\buku\edit_buku.php on line 16.
 1 APPPATH\Views\buku\edit_buku.php(16): CodeIgniter\Debug\Exceptions->errorHandler(2, 'Attempt to read property "kode_buku" on null', 'C:\\xampp\\htdocs\\perpustakaan-ci\\app\\Views\\buku\\edit_buku.php', 16)
 2 SYSTEMPATH\View\View.php(228): include('C:\\xampp\\htdocs\\perpustakaan-ci\\app\\Views\\buku\\edit_buku.php')
 3 SYSTEMPATH\View\View.php(231): CodeIgniter\View\View->CodeIgniter\View\{closure}()
 4 SYSTEMPATH\Common.php(1178): CodeIgniter\View\View->render('buku/edit_buku.php', [], true)
 5 APPPATH\Controllers\Buku.php(98): view('buku/edit_buku.php', [...])
 6 SYSTEMPATH\CodeIgniter.php(943): App\Controllers\Buku->edit('23186879')
 7 SYSTEMPATH\CodeIgniter.php(503): CodeIgniter\CodeIgniter->runController(Object(App\Controllers\Buku))
 8 SYSTEMPATH\CodeIgniter.php(361): CodeIgniter\CodeIgniter->handleRequest(null, Object(Config\Cache), false)
 9 FCPATH\index.php(79): CodeIgniter\CodeIgniter->run()
CRITICAL - 2024-07-07 00:43:27 --> ErrorException: Attempt to read property "kode_buku" on null
in APPPATH\Views\buku\edit_buku.php on line 16.
 1 APPPATH\Views\buku\edit_buku.php(16): CodeIgniter\Debug\Exceptions->errorHandler(2, 'Attempt to read property "kode_buku" on null', 'C:\\xampp\\htdocs\\perpustakaan-ci\\app\\Views\\buku\\edit_buku.php', 16)
 2 SYSTEMPATH\View\View.php(228): include('C:\\xampp\\htdocs\\perpustakaan-ci\\app\\Views\\buku\\edit_buku.php')
 3 SYSTEMPATH\View\View.php(231): CodeIgniter\View\View->CodeIgniter\View\{closure}()
 4 SYSTEMPATH\Common.php(1178): CodeIgniter\View\View->render('buku/edit_buku.php', [], true)
 5 APPPATH\Controllers\Buku.php(98): view('buku/edit_buku.php', [...])
 6 SYSTEMPATH\CodeIgniter.php(943): App\Controllers\Buku->edit('23186879')
 7 SYSTEMPATH\CodeIgniter.php(503): CodeIgniter\CodeIgniter->runController(Object(App\Controllers\Buku))
 8 SYSTEMPATH\CodeIgniter.php(361): CodeIgniter\CodeIgniter->handleRequest(null, Object(Config\Cache), false)
 9 FCPATH\index.php(79): CodeIgniter\CodeIgniter->run()
CRITICAL - 2024-07-07 00:46:31 --> ErrorException: Undefined property: stdClass::$nama_buku
in APPPATH\Views\peminjaman\tambah_peminjaman.php on line 33.
 1 APPPATH\Views\peminjaman\tambah_peminjaman.php(33): CodeIgniter\Debug\Exceptions->errorHandler(2, 'Undefined property: stdClass::$nama_buku', 'C:\\xampp\\htdocs\\perpustakaan-ci\\app\\Views\\peminjaman\\tambah_peminjaman.php', 33)
 2 SYSTEMPATH\View\View.php(228): include('C:\\xampp\\htdocs\\perpustakaan-ci\\app\\Views\\peminjaman\\tambah_peminjaman.php')
 3 SYSTEMPATH\View\View.php(231): CodeIgniter\View\View->CodeIgniter\View\{closure}()
 4 SYSTEMPATH\Common.php(1178): CodeIgniter\View\View->render('peminjaman/tambah_peminjaman.php', [], true)
 5 APPPATH\Controllers\Peminjaman.php(46): view('peminjaman/tambah_peminjaman.php', [...])
 6 SYSTEMPATH\CodeIgniter.php(943): App\Controllers\Peminjaman->tambah()
 7 SYSTEMPATH\CodeIgniter.php(503): CodeIgniter\CodeIgniter->runController(Object(App\Controllers\Peminjaman))
 8 SYSTEMPATH\CodeIgniter.php(361): CodeIgniter\CodeIgniter->handleRequest(null, Object(Config\Cache), false)
 9 FCPATH\index.php(79): CodeIgniter\CodeIgniter->run()
CRITICAL - 2024-07-07 00:46:55 --> ErrorException: Undefined property: stdClass::$nama_buku
in APPPATH\Views\peminjaman\tambah_peminjaman.php on line 33.
 1 APPPATH\Views\peminjaman\tambah_peminjaman.php(33): CodeIgniter\Debug\Exceptions->errorHandler(2, 'Undefined property: stdClass::$nama_buku', 'C:\\xampp\\htdocs\\perpustakaan-ci\\app\\Views\\peminjaman\\tambah_peminjaman.php', 33)
 2 SYSTEMPATH\View\View.php(228): include('C:\\xampp\\htdocs\\perpustakaan-ci\\app\\Views\\peminjaman\\tambah_peminjaman.php')
 3 SYSTEMPATH\View\View.php(231): CodeIgniter\View\View->CodeIgniter\View\{closure}()
 4 SYSTEMPATH\Common.php(1178): CodeIgniter\View\View->render('peminjaman/tambah_peminjaman.php', [], true)
 5 APPPATH\Controllers\Peminjaman.php(46): view('peminjaman/tambah_peminjaman.php', [...])
 6 SYSTEMPATH\CodeIgniter.php(943): App\Controllers\Peminjaman->tambah()
 7 SYSTEMPATH\CodeIgniter.php(503): CodeIgniter\CodeIgniter->runController(Object(App\Controllers\Peminjaman))
 8 SYSTEMPATH\CodeIgniter.php(361): CodeIgniter\CodeIgniter->handleRequest(null, Object(Config\Cache), false)
 9 FCPATH\index.php(79): CodeIgniter\CodeIgniter->run()
ERROR - 2024-07-07 01:12:21 --> mysqli_sql_exception: Cannot delete or update a parent row: a foreign key constraint fails (`perpustakaan-ci`.`tbl_peminjaman`, CONSTRAINT `buku3` FOREIGN KEY (`kode_buku`) REFERENCES `tbl_buku` (`kode_buku`)) in C:\xampp\htdocs\perpustakaan-ci\system\Database\MySQLi\Connection.php:306
Stack trace:
#0 C:\xampp\htdocs\perpustakaan-ci\system\Database\MySQLi\Connection.php(306): mysqli->query('UPDATE tbl_buku...', 0)
#1 C:\xampp\htdocs\perpustakaan-ci\system\Database\BaseConnection.php(693): CodeIgniter\Database\MySQLi\Connection->execute('UPDATE tbl_buku...')
#2 C:\xampp\htdocs\perpustakaan-ci\app\Models\M_buku.php(59): CodeIgniter\Database\BaseConnection->simpleQuery('UPDATE tbl_buku...')
#3 C:\xampp\htdocs\perpustakaan-ci\app\Controllers\Buku.php(71): App\Models\M_buku->updateData('3', '23146873', '3', 'Pengantar Hukum...', 'Nindy Sulistya ...', 'BukuKita', '2023-06-06', '2')
#4 C:\xampp\htdocs\perpustakaan-ci\system\CodeIgniter.php(943): App\Controllers\Buku->edit('3')
#5 C:\xampp\htdocs\perpustakaan-ci\system\CodeIgniter.php(503): CodeIgniter\CodeIgniter->runController(Object(App\Controllers\Buku))
#6 C:\xampp\htdocs\perpustakaan-ci\system\CodeIgniter.php(361): CodeIgniter\CodeIgniter->handleRequest(NULL, Object(Config\Cache), false)
#7 C:\xampp\htdocs\perpustakaan-ci\index.php(79): CodeIgniter\CodeIgniter->run()
#8 {main}
CRITICAL - 2024-07-07 01:12:21 --> CodeIgniter\Database\Exceptions\DatabaseException: Cannot delete or update a parent row: a foreign key constraint fails (`perpustakaan-ci`.`tbl_peminjaman`, CONSTRAINT `buku3` FOREIGN KEY (`kode_buku`) REFERENCES `tbl_buku` (`kode_buku`))
in SYSTEMPATH\Database\MySQLi\Connection.php on line 311.
 1 SYSTEMPATH\Database\BaseConnection.php(693): CodeIgniter\Database\MySQLi\Connection->execute('UPDATE tbl_buku SET  kode_buku = \'23146873\',ISBN = \'3\', judul = \'Pengantar Hukum Perburuan\', penulis = \'Nindy Sulistya Widiastiani\', penerbit = \'BukuKita\', tahun_terbit = \'2023-06-06\', kode_kategori = \'2\' WHERE kode_buku = \'3\';')
 2 APPPATH\Models\M_buku.php(59): CodeIgniter\Database\BaseConnection->simpleQuery('UPDATE tbl_buku SET  kode_buku = \'23146873\',ISBN = \'3\', judul = \'Pengantar Hukum Perburuan\', penulis = \'Nindy Sulistya Widiastiani\', penerbit = \'BukuKita\', tahun_terbit = \'2023-06-06\', kode_kategori = \'2\' WHERE kode_buku = \'3\';')
 3 APPPATH\Controllers\Buku.php(71): App\Models\M_buku->updateData('3', '23146873', '3', 'Pengantar Hukum Perburuan', 'Nindy Sulistya Widiastiani', 'BukuKita', '2023-06-06', '2')
 4 SYSTEMPATH\CodeIgniter.php(943): App\Controllers\Buku->edit('3')
 5 SYSTEMPATH\CodeIgniter.php(503): CodeIgniter\CodeIgniter->runController(Object(App\Controllers\Buku))
 6 SYSTEMPATH\CodeIgniter.php(361): CodeIgniter\CodeIgniter->handleRequest(null, Object(Config\Cache), false)
 7 FCPATH\index.php(79): CodeIgniter\CodeIgniter->run()
CRITICAL - 2024-07-07 01:12:21 --> [Caused by] mysqli_sql_exception: Cannot delete or update a parent row: a foreign key constraint fails (`perpustakaan-ci`.`tbl_peminjaman`, CONSTRAINT `buku3` FOREIGN KEY (`kode_buku`) REFERENCES `tbl_buku` (`kode_buku`))
in SYSTEMPATH\Database\MySQLi\Connection.php on line 306.
 1 SYSTEMPATH\Database\MySQLi\Connection.php(306): mysqli->query('UPDATE tbl_buku SET  kode_buku = \'23146873\',ISBN = \'3\', judul = \'Pengantar Hukum Perburuan\', penulis = \'Nindy Sulistya Widiastiani\', penerbit = \'BukuKita\', tahun_terbit = \'2023-06-06\', kode_kategori = \'2\' WHERE kode_buku = \'3\';', 0)
 2 SYSTEMPATH\Database\BaseConnection.php(693): CodeIgniter\Database\MySQLi\Connection->execute('UPDATE tbl_buku SET  kode_buku = \'23146873\',ISBN = \'3\', judul = \'Pengantar Hukum Perburuan\', penulis = \'Nindy Sulistya Widiastiani\', penerbit = \'BukuKita\', tahun_terbit = \'2023-06-06\', kode_kategori = \'2\' WHERE kode_buku = \'3\';')
 3 APPPATH\Models\M_buku.php(59): CodeIgniter\Database\BaseConnection->simpleQuery('UPDATE tbl_buku SET  kode_buku = \'23146873\',ISBN = \'3\', judul = \'Pengantar Hukum Perburuan\', penulis = \'Nindy Sulistya Widiastiani\', penerbit = \'BukuKita\', tahun_terbit = \'2023-06-06\', kode_kategori = \'2\' WHERE kode_buku = \'3\';')
 4 APPPATH\Controllers\Buku.php(71): App\Models\M_buku->updateData('3', '23146873', '3', 'Pengantar Hukum Perburuan', 'Nindy Sulistya Widiastiani', 'BukuKita', '2023-06-06', '2')
 5 SYSTEMPATH\CodeIgniter.php(943): App\Controllers\Buku->edit('3')
 6 SYSTEMPATH\CodeIgniter.php(503): CodeIgniter\CodeIgniter->runController(Object(App\Controllers\Buku))
 7 SYSTEMPATH\CodeIgniter.php(361): CodeIgniter\CodeIgniter->handleRequest(null, Object(Config\Cache), false)
 8 FCPATH\index.php(79): CodeIgniter\CodeIgniter->run()
ERROR - 2024-07-07 01:12:52 --> mysqli_sql_exception: Cannot delete or update a parent row: a foreign key constraint fails (`perpustakaan-ci`.`tbl_peminjaman`, CONSTRAINT `buku3` FOREIGN KEY (`kode_buku`) REFERENCES `tbl_buku` (`kode_buku`)) in C:\xampp\htdocs\perpustakaan-ci\system\Database\MySQLi\Connection.php:306
Stack trace:
#0 C:\xampp\htdocs\perpustakaan-ci\system\Database\MySQLi\Connection.php(306): mysqli->query('UPDATE tbl_buku...', 0)
#1 C:\xampp\htdocs\perpustakaan-ci\system\Database\BaseConnection.php(693): CodeIgniter\Database\MySQLi\Connection->execute('UPDATE tbl_buku...')
#2 C:\xampp\htdocs\perpustakaan-ci\app\Models\M_buku.php(59): CodeIgniter\Database\BaseConnection->simpleQuery('UPDATE tbl_buku...')
#3 C:\xampp\htdocs\perpustakaan-ci\app\Controllers\Buku.php(71): App\Models\M_buku->updateData('3', '23146873', '3', 'Teori Hukumm', 'Prof. Dr. Sudik...', 'BukuKita', '2023-06-06', '')
#4 C:\xampp\htdocs\perpustakaan-ci\system\CodeIgniter.php(943): App\Controllers\Buku->edit('3')
#5 C:\xampp\htdocs\perpustakaan-ci\system\CodeIgniter.php(503): CodeIgniter\CodeIgniter->runController(Object(App\Controllers\Buku))
#6 C:\xampp\htdocs\perpustakaan-ci\system\CodeIgniter.php(361): CodeIgniter\CodeIgniter->handleRequest(NULL, Object(Config\Cache), false)
#7 C:\xampp\htdocs\perpustakaan-ci\index.php(79): CodeIgniter\CodeIgniter->run()
#8 {main}
CRITICAL - 2024-07-07 01:12:52 --> CodeIgniter\Database\Exceptions\DatabaseException: Cannot delete or update a parent row: a foreign key constraint fails (`perpustakaan-ci`.`tbl_peminjaman`, CONSTRAINT `buku3` FOREIGN KEY (`kode_buku`) REFERENCES `tbl_buku` (`kode_buku`))
in SYSTEMPATH\Database\MySQLi\Connection.php on line 311.
 1 SYSTEMPATH\Database\BaseConnection.php(693): CodeIgniter\Database\MySQLi\Connection->execute('UPDATE tbl_buku SET  kode_buku = \'23146873\',ISBN = \'3\', judul = \'Teori Hukumm\', penulis = \'Prof. Dr. Sudikno Mertokusumo,\', penerbit = \'BukuKita\', tahun_terbit = \'2023-06-06\', kode_kategori = \'\' WHERE kode_buku = \'3\';')
 2 APPPATH\Models\M_buku.php(59): CodeIgniter\Database\BaseConnection->simpleQuery('UPDATE tbl_buku SET  kode_buku = \'23146873\',ISBN = \'3\', judul = \'Teori Hukumm\', penulis = \'Prof. Dr. Sudikno Mertokusumo,\', penerbit = \'BukuKita\', tahun_terbit = \'2023-06-06\', kode_kategori = \'\' WHERE kode_buku = \'3\';')
 3 APPPATH\Controllers\Buku.php(71): App\Models\M_buku->updateData('3', '23146873', '3', 'Teori Hukumm', 'Prof. Dr. Sudikno Mertokusumo,', 'BukuKita', '2023-06-06', '')
 4 SYSTEMPATH\CodeIgniter.php(943): App\Controllers\Buku->edit('3')
 5 SYSTEMPATH\CodeIgniter.php(503): CodeIgniter\CodeIgniter->runController(Object(App\Controllers\Buku))
 6 SYSTEMPATH\CodeIgniter.php(361): CodeIgniter\CodeIgniter->handleRequest(null, Object(Config\Cache), false)
 7 FCPATH\index.php(79): CodeIgniter\CodeIgniter->run()
CRITICAL - 2024-07-07 01:12:52 --> [Caused by] mysqli_sql_exception: Cannot delete or update a parent row: a foreign key constraint fails (`perpustakaan-ci`.`tbl_peminjaman`, CONSTRAINT `buku3` FOREIGN KEY (`kode_buku`) REFERENCES `tbl_buku` (`kode_buku`))
in SYSTEMPATH\Database\MySQLi\Connection.php on line 306.
 1 SYSTEMPATH\Database\MySQLi\Connection.php(306): mysqli->query('UPDATE tbl_buku SET  kode_buku = \'23146873\',ISBN = \'3\', judul = \'Teori Hukumm\', penulis = \'Prof. Dr. Sudikno Mertokusumo,\', penerbit = \'BukuKita\', tahun_terbit = \'2023-06-06\', kode_kategori = \'\' WHERE kode_buku = \'3\';', 0)
 2 SYSTEMPATH\Database\BaseConnection.php(693): CodeIgniter\Database\MySQLi\Connection->execute('UPDATE tbl_buku SET  kode_buku = \'23146873\',ISBN = \'3\', judul = \'Teori Hukumm\', penulis = \'Prof. Dr. Sudikno Mertokusumo,\', penerbit = \'BukuKita\', tahun_terbit = \'2023-06-06\', kode_kategori = \'\' WHERE kode_buku = \'3\';')
 3 APPPATH\Models\M_buku.php(59): CodeIgniter\Database\BaseConnection->simpleQuery('UPDATE tbl_buku SET  kode_buku = \'23146873\',ISBN = \'3\', judul = \'Teori Hukumm\', penulis = \'Prof. Dr. Sudikno Mertokusumo,\', penerbit = \'BukuKita\', tahun_terbit = \'2023-06-06\', kode_kategori = \'\' WHERE kode_buku = \'3\';')
 4 APPPATH\Controllers\Buku.php(71): App\Models\M_buku->updateData('3', '23146873', '3', 'Teori Hukumm', 'Prof. Dr. Sudikno Mertokusumo,', 'BukuKita', '2023-06-06', '')
 5 SYSTEMPATH\CodeIgniter.php(943): App\Controllers\Buku->edit('3')
 6 SYSTEMPATH\CodeIgniter.php(503): CodeIgniter\CodeIgniter->runController(Object(App\Controllers\Buku))
 7 SYSTEMPATH\CodeIgniter.php(361): CodeIgniter\CodeIgniter->handleRequest(null, Object(Config\Cache), false)
 8 FCPATH\index.php(79): CodeIgniter\CodeIgniter->run()
ERROR - 2024-07-07 01:16:26 --> mysqli_sql_exception: Cannot add or update a child row: a foreign key constraint fails (`perpustakaan-ci`.`tbl_buku`, CONSTRAINT `kategori` FOREIGN KEY (`kode_kategori`) REFERENCES `tbl_kategori` (`kode_kategori`)) in C:\xampp\htdocs\perpustakaan-ci\system\Database\MySQLi\Connection.php:306
Stack trace:
#0 C:\xampp\htdocs\perpustakaan-ci\system\Database\MySQLi\Connection.php(306): mysqli->query('UPDATE tbl_buku...', 0)
#1 C:\xampp\htdocs\perpustakaan-ci\system\Database\BaseConnection.php(693): CodeIgniter\Database\MySQLi\Connection->execute('UPDATE tbl_buku...')
#2 C:\xampp\htdocs\perpustakaan-ci\app\Models\M_buku.php(59): CodeIgniter\Database\BaseConnection->simpleQuery('UPDATE tbl_buku...')
#3 C:\xampp\htdocs\perpustakaan-ci\app\Controllers\Buku.php(71): App\Models\M_buku->updateData('1', '23146879', '1', 'Dasar Pemrogram...', 'Bernandus Anggo...', 'Deepublish', '2024-02-20', '')
#4 C:\xampp\htdocs\perpustakaan-ci\system\CodeIgniter.php(943): App\Controllers\Buku->edit('1')
#5 C:\xampp\htdocs\perpustakaan-ci\system\CodeIgniter.php(503): CodeIgniter\CodeIgniter->runController(Object(App\Controllers\Buku))
#6 C:\xampp\htdocs\perpustakaan-ci\system\CodeIgniter.php(361): CodeIgniter\CodeIgniter->handleRequest(NULL, Object(Config\Cache), false)
#7 C:\xampp\htdocs\perpustakaan-ci\index.php(79): CodeIgniter\CodeIgniter->run()
#8 {main}
CRITICAL - 2024-07-07 01:16:26 --> CodeIgniter\Database\Exceptions\DatabaseException: Cannot add or update a child row: a foreign key constraint fails (`perpustakaan-ci`.`tbl_buku`, CONSTRAINT `kategori` FOREIGN KEY (`kode_kategori`) REFERENCES `tbl_kategori` (`kode_kategori`))
in SYSTEMPATH\Database\MySQLi\Connection.php on line 311.
 1 SYSTEMPATH\Database\BaseConnection.php(693): CodeIgniter\Database\MySQLi\Connection->execute('UPDATE tbl_buku SET  kode_buku = \'23146879\',ISBN = \'1\', judul = \'Dasar Pemrograman Dalam Bahasa C\', penulis = \'Bernandus Anggoo\', penerbit = \'Deepublish\', tahun_terbit = \'2024-02-20\', kode_kategori = \'\' WHERE kode_buku = \'1\';')
 2 APPPATH\Models\M_buku.php(59): CodeIgniter\Database\BaseConnection->simpleQuery('UPDATE tbl_buku SET  kode_buku = \'23146879\',ISBN = \'1\', judul = \'Dasar Pemrograman Dalam Bahasa C\', penulis = \'Bernandus Anggoo\', penerbit = \'Deepublish\', tahun_terbit = \'2024-02-20\', kode_kategori = \'\' WHERE kode_buku = \'1\';')
 3 APPPATH\Controllers\Buku.php(71): App\Models\M_buku->updateData('1', '23146879', '1', 'Dasar Pemrograman Dalam Bahasa C', 'Bernandus Anggoo', 'Deepublish', '2024-02-20', '')
 4 SYSTEMPATH\CodeIgniter.php(943): App\Controllers\Buku->edit('1')
 5 SYSTEMPATH\CodeIgniter.php(503): CodeIgniter\CodeIgniter->runController(Object(App\Controllers\Buku))
 6 SYSTEMPATH\CodeIgniter.php(361): CodeIgniter\CodeIgniter->handleRequest(null, Object(Config\Cache), false)
 7 FCPATH\index.php(79): CodeIgniter\CodeIgniter->run()
CRITICAL - 2024-07-07 01:16:26 --> [Caused by] mysqli_sql_exception: Cannot add or update a child row: a foreign key constraint fails (`perpustakaan-ci`.`tbl_buku`, CONSTRAINT `kategori` FOREIGN KEY (`kode_kategori`) REFERENCES `tbl_kategori` (`kode_kategori`))
in SYSTEMPATH\Database\MySQLi\Connection.php on line 306.
 1 SYSTEMPATH\Database\MySQLi\Connection.php(306): mysqli->query('UPDATE tbl_buku SET  kode_buku = \'23146879\',ISBN = \'1\', judul = \'Dasar Pemrograman Dalam Bahasa C\', penulis = \'Bernandus Anggoo\', penerbit = \'Deepublish\', tahun_terbit = \'2024-02-20\', kode_kategori = \'\' WHERE kode_buku = \'1\';', 0)
 2 SYSTEMPATH\Database\BaseConnection.php(693): CodeIgniter\Database\MySQLi\Connection->execute('UPDATE tbl_buku SET  kode_buku = \'23146879\',ISBN = \'1\', judul = \'Dasar Pemrograman Dalam Bahasa C\', penulis = \'Bernandus Anggoo\', penerbit = \'Deepublish\', tahun_terbit = \'2024-02-20\', kode_kategori = \'\' WHERE kode_buku = \'1\';')
 3 APPPATH\Models\M_buku.php(59): CodeIgniter\Database\BaseConnection->simpleQuery('UPDATE tbl_buku SET  kode_buku = \'23146879\',ISBN = \'1\', judul = \'Dasar Pemrograman Dalam Bahasa C\', penulis = \'Bernandus Anggoo\', penerbit = \'Deepublish\', tahun_terbit = \'2024-02-20\', kode_kategori = \'\' WHERE kode_buku = \'1\';')
 4 APPPATH\Controllers\Buku.php(71): App\Models\M_buku->updateData('1', '23146879', '1', 'Dasar Pemrograman Dalam Bahasa C', 'Bernandus Anggoo', 'Deepublish', '2024-02-20', '')
 5 SYSTEMPATH\CodeIgniter.php(943): App\Controllers\Buku->edit('1')
 6 SYSTEMPATH\CodeIgniter.php(503): CodeIgniter\CodeIgniter->runController(Object(App\Controllers\Buku))
 7 SYSTEMPATH\CodeIgniter.php(361): CodeIgniter\CodeIgniter->handleRequest(null, Object(Config\Cache), false)
 8 FCPATH\index.php(79): CodeIgniter\CodeIgniter->run()
CRITICAL - 2024-07-07 01:17:39 --> ErrorException: Attempt to read property "kode_buku" on null
in APPPATH\Views\buku\edit_buku.php on line 16.
 1 APPPATH\Views\buku\edit_buku.php(16): CodeIgniter\Debug\Exceptions->errorHandler(2, 'Attempt to read property "kode_buku" on null', 'C:\\xampp\\htdocs\\perpustakaan-ci\\app\\Views\\buku\\edit_buku.php', 16)
 2 SYSTEMPATH\View\View.php(228): include('C:\\xampp\\htdocs\\perpustakaan-ci\\app\\Views\\buku\\edit_buku.php')
 3 SYSTEMPATH\View\View.php(231): CodeIgniter\View\View->CodeIgniter\View\{closure}()
 4 SYSTEMPATH\Common.php(1178): CodeIgniter\View\View->render('buku/edit_buku.php', [], true)
 5 APPPATH\Controllers\Buku.php(85): view('buku/edit_buku.php', [...])
 6 SYSTEMPATH\CodeIgniter.php(943): App\Controllers\Buku->edit('1')
 7 SYSTEMPATH\CodeIgniter.php(503): CodeIgniter\CodeIgniter->runController(Object(App\Controllers\Buku))
 8 SYSTEMPATH\CodeIgniter.php(361): CodeIgniter\CodeIgniter->handleRequest(null, Object(Config\Cache), false)
 9 FCPATH\index.php(79): CodeIgniter\CodeIgniter->run()
CRITICAL - 2024-07-07 01:17:41 --> ErrorException: Attempt to read property "kode_buku" on null
in APPPATH\Views\buku\edit_buku.php on line 16.
 1 APPPATH\Views\buku\edit_buku.php(16): CodeIgniter\Debug\Exceptions->errorHandler(2, 'Attempt to read property "kode_buku" on null', 'C:\\xampp\\htdocs\\perpustakaan-ci\\app\\Views\\buku\\edit_buku.php', 16)
 2 SYSTEMPATH\View\View.php(228): include('C:\\xampp\\htdocs\\perpustakaan-ci\\app\\Views\\buku\\edit_buku.php')
 3 SYSTEMPATH\View\View.php(231): CodeIgniter\View\View->CodeIgniter\View\{closure}()
 4 SYSTEMPATH\Common.php(1178): CodeIgniter\View\View->render('buku/edit_buku.php', [], true)
 5 APPPATH\Controllers\Buku.php(85): view('buku/edit_buku.php', [...])
 6 SYSTEMPATH\CodeIgniter.php(943): App\Controllers\Buku->edit('1')
 7 SYSTEMPATH\CodeIgniter.php(503): CodeIgniter\CodeIgniter->runController(Object(App\Controllers\Buku))
 8 SYSTEMPATH\CodeIgniter.php(361): CodeIgniter\CodeIgniter->handleRequest(null, Object(Config\Cache), false)
 9 FCPATH\index.php(79): CodeIgniter\CodeIgniter->run()
CRITICAL - 2024-07-07 01:33:27 --> ErrorException: Undefined variable $kategoriList
in APPPATH\Views\buku\list_buku.php on line 11.
 1 APPPATH\Views\buku\list_buku.php(11): CodeIgniter\Debug\Exceptions->errorHandler(2, 'Undefined variable $kategoriList', 'C:\\xampp\\htdocs\\perpustakaan-ci\\app\\Views\\buku\\list_buku.php', 11)
 2 SYSTEMPATH\View\View.php(228): include('C:\\xampp\\htdocs\\perpustakaan-ci\\app\\Views\\buku\\list_buku.php')
 3 SYSTEMPATH\View\View.php(231): CodeIgniter\View\View->CodeIgniter\View\{closure}()
 4 SYSTEMPATH\Common.php(1178): CodeIgniter\View\View->render('buku/list_buku.php', [], true)
 5 APPPATH\Controllers\Buku.php(20): view('buku/list_buku.php', [...])
 6 SYSTEMPATH\CodeIgniter.php(943): App\Controllers\Buku->index()
 7 SYSTEMPATH\CodeIgniter.php(503): CodeIgniter\CodeIgniter->runController(Object(App\Controllers\Buku))
 8 SYSTEMPATH\CodeIgniter.php(361): CodeIgniter\CodeIgniter->handleRequest(null, Object(Config\Cache), false)
 9 FCPATH\index.php(79): CodeIgniter\CodeIgniter->run()
CRITICAL - 2024-07-07 01:39:48 --> ErrorException: Undefined variable $kategori_buku
in APPPATH\Views\stok\list_stok.php on line 6.
 1 APPPATH\Views\stok\list_stok.php(6): CodeIgniter\Debug\Exceptions->errorHandler(2, 'Undefined variable $kategori_buku', 'C:\\xampp\\htdocs\\perpustakaan-ci\\app\\Views\\stok\\list_stok.php', 6)
 2 SYSTEMPATH\View\View.php(228): include('C:\\xampp\\htdocs\\perpustakaan-ci\\app\\Views\\stok\\list_stok.php')
 3 SYSTEMPATH\View\View.php(231): CodeIgniter\View\View->CodeIgniter\View\{closure}()
 4 SYSTEMPATH\Common.php(1178): CodeIgniter\View\View->render('stok/list_stok.php', [], true)
 5 APPPATH\Controllers\Stok.php(21): view('stok/list_stok.php', [...])
 6 SYSTEMPATH\CodeIgniter.php(943): App\Controllers\Stok->index()
 7 SYSTEMPATH\CodeIgniter.php(503): CodeIgniter\CodeIgniter->runController(Object(App\Controllers\Stok))
 8 SYSTEMPATH\CodeIgniter.php(361): CodeIgniter\CodeIgniter->handleRequest(null, Object(Config\Cache), false)
 9 FCPATH\index.php(79): CodeIgniter\CodeIgniter->run()
CRITICAL - 2024-07-07 01:40:01 --> ErrorException: Attempt to read property "gambar_buku" on string
in APPPATH\Views\stok\list_stok.php on line 27.
 1 APPPATH\Views\stok\list_stok.php(27): CodeIgniter\Debug\Exceptions->errorHandler(2, 'Attempt to read property "gambar_buku" on string', 'C:\\xampp\\htdocs\\perpustakaan-ci\\app\\Views\\stok\\list_stok.php', 27)
 2 SYSTEMPATH\View\View.php(228): include('C:\\xampp\\htdocs\\perpustakaan-ci\\app\\Views\\stok\\list_stok.php')
 3 SYSTEMPATH\View\View.php(231): CodeIgniter\View\View->CodeIgniter\View\{closure}()
 4 SYSTEMPATH\Common.php(1178): CodeIgniter\View\View->render('stok/list_stok.php', [], true)
 5 APPPATH\Controllers\Stok.php(21): view('stok/list_stok.php', [...])
 6 SYSTEMPATH\CodeIgniter.php(943): App\Controllers\Stok->index()
 7 SYSTEMPATH\CodeIgniter.php(503): CodeIgniter\CodeIgniter->runController(Object(App\Controllers\Stok))
 8 SYSTEMPATH\CodeIgniter.php(361): CodeIgniter\CodeIgniter->handleRequest(null, Object(Config\Cache), false)
 9 FCPATH\index.php(79): CodeIgniter\CodeIgniter->run()
CRITICAL - 2024-07-07 01:40:30 --> ErrorException: Attempt to read property "gambar_buku" on string
in APPPATH\Views\stok\list_stok.php on line 27.
 1 APPPATH\Views\stok\list_stok.php(27): CodeIgniter\Debug\Exceptions->errorHandler(2, 'Attempt to read property "gambar_buku" on string', 'C:\\xampp\\htdocs\\perpustakaan-ci\\app\\Views\\stok\\list_stok.php', 27)
 2 SYSTEMPATH\View\View.php(228): include('C:\\xampp\\htdocs\\perpustakaan-ci\\app\\Views\\stok\\list_stok.php')
 3 SYSTEMPATH\View\View.php(231): CodeIgniter\View\View->CodeIgniter\View\{closure}()
 4 SYSTEMPATH\Common.php(1178): CodeIgniter\View\View->render('stok/list_stok.php', [], true)
 5 APPPATH\Controllers\Stok.php(21): view('stok/list_stok.php', [...])
 6 SYSTEMPATH\CodeIgniter.php(943): App\Controllers\Stok->index()
 7 SYSTEMPATH\CodeIgniter.php(503): CodeIgniter\CodeIgniter->runController(Object(App\Controllers\Stok))
 8 SYSTEMPATH\CodeIgniter.php(361): CodeIgniter\CodeIgniter->handleRequest(null, Object(Config\Cache), false)
 9 FCPATH\index.php(79): CodeIgniter\CodeIgniter->run()
CRITICAL - 2024-07-07 01:41:59 --> ErrorException: Attempt to read property "gambar_buku" on string
in APPPATH\Views\stok\list_stok.php on line 27.
 1 APPPATH\Views\stok\list_stok.php(27): CodeIgniter\Debug\Exceptions->errorHandler(2, 'Attempt to read property "gambar_buku" on string', 'C:\\xampp\\htdocs\\perpustakaan-ci\\app\\Views\\stok\\list_stok.php', 27)
 2 SYSTEMPATH\View\View.php(228): include('C:\\xampp\\htdocs\\perpustakaan-ci\\app\\Views\\stok\\list_stok.php')
 3 SYSTEMPATH\View\View.php(231): CodeIgniter\View\View->CodeIgniter\View\{closure}()
 4 SYSTEMPATH\Common.php(1178): CodeIgniter\View\View->render('stok/list_stok.php', [], true)
 5 APPPATH\Controllers\Stok.php(22): view('stok/list_stok.php', [...])
 6 SYSTEMPATH\CodeIgniter.php(943): App\Controllers\Stok->index()
 7 SYSTEMPATH\CodeIgniter.php(503): CodeIgniter\CodeIgniter->runController(Object(App\Controllers\Stok))
 8 SYSTEMPATH\CodeIgniter.php(361): CodeIgniter\CodeIgniter->handleRequest(null, Object(Config\Cache), false)
 9 FCPATH\index.php(79): CodeIgniter\CodeIgniter->run()
CRITICAL - 2024-07-07 01:42:01 --> ErrorException: Attempt to read property "gambar_buku" on string
in APPPATH\Views\stok\list_stok.php on line 27.
 1 APPPATH\Views\stok\list_stok.php(27): CodeIgniter\Debug\Exceptions->errorHandler(2, 'Attempt to read property "gambar_buku" on string', 'C:\\xampp\\htdocs\\perpustakaan-ci\\app\\Views\\stok\\list_stok.php', 27)
 2 SYSTEMPATH\View\View.php(228): include('C:\\xampp\\htdocs\\perpustakaan-ci\\app\\Views\\stok\\list_stok.php')
 3 SYSTEMPATH\View\View.php(231): CodeIgniter\View\View->CodeIgniter\View\{closure}()
 4 SYSTEMPATH\Common.php(1178): CodeIgniter\View\View->render('stok/list_stok.php', [], true)
 5 APPPATH\Controllers\Stok.php(22): view('stok/list_stok.php', [...])
 6 SYSTEMPATH\CodeIgniter.php(943): App\Controllers\Stok->index()
 7 SYSTEMPATH\CodeIgniter.php(503): CodeIgniter\CodeIgniter->runController(Object(App\Controllers\Stok))
 8 SYSTEMPATH\CodeIgniter.php(361): CodeIgniter\CodeIgniter->handleRequest(null, Object(Config\Cache), false)
 9 FCPATH\index.php(79): CodeIgniter\CodeIgniter->run()
CRITICAL - 2024-07-07 01:42:01 --> ErrorException: Attempt to read property "gambar_buku" on string
in APPPATH\Views\stok\list_stok.php on line 27.
 1 APPPATH\Views\stok\list_stok.php(27): CodeIgniter\Debug\Exceptions->errorHandler(2, 'Attempt to read property "gambar_buku" on string', 'C:\\xampp\\htdocs\\perpustakaan-ci\\app\\Views\\stok\\list_stok.php', 27)
 2 SYSTEMPATH\View\View.php(228): include('C:\\xampp\\htdocs\\perpustakaan-ci\\app\\Views\\stok\\list_stok.php')
 3 SYSTEMPATH\View\View.php(231): CodeIgniter\View\View->CodeIgniter\View\{closure}()
 4 SYSTEMPATH\Common.php(1178): CodeIgniter\View\View->render('stok/list_stok.php', [], true)
 5 APPPATH\Controllers\Stok.php(22): view('stok/list_stok.php', [...])
 6 SYSTEMPATH\CodeIgniter.php(943): App\Controllers\Stok->index()
 7 SYSTEMPATH\CodeIgniter.php(503): CodeIgniter\CodeIgniter->runController(Object(App\Controllers\Stok))
 8 SYSTEMPATH\CodeIgniter.php(361): CodeIgniter\CodeIgniter->handleRequest(null, Object(Config\Cache), false)
 9 FCPATH\index.php(79): CodeIgniter\CodeIgniter->run()
CRITICAL - 2024-07-07 01:42:51 --> ErrorException: Undefined variable $kategori_buku
in APPPATH\Views\stok\list_stok.php on line 6.
 1 APPPATH\Views\stok\list_stok.php(6): CodeIgniter\Debug\Exceptions->errorHandler(2, 'Undefined variable $kategori_buku', 'C:\\xampp\\htdocs\\perpustakaan-ci\\app\\Views\\stok\\list_stok.php', 6)
 2 SYSTEMPATH\View\View.php(228): include('C:\\xampp\\htdocs\\perpustakaan-ci\\app\\Views\\stok\\list_stok.php')
 3 SYSTEMPATH\View\View.php(231): CodeIgniter\View\View->CodeIgniter\View\{closure}()
 4 SYSTEMPATH\Common.php(1178): CodeIgniter\View\View->render('stok/list_stok.php', [], true)
 5 APPPATH\Controllers\Stok.php(21): view('stok/list_stok.php', [...])
 6 SYSTEMPATH\CodeIgniter.php(943): App\Controllers\Stok->index()
 7 SYSTEMPATH\CodeIgniter.php(503): CodeIgniter\CodeIgniter->runController(Object(App\Controllers\Stok))
 8 SYSTEMPATH\CodeIgniter.php(361): CodeIgniter\CodeIgniter->handleRequest(null, Object(Config\Cache), false)
 9 FCPATH\index.php(79): CodeIgniter\CodeIgniter->run()
INFO - 2024-07-07 09:23:51 --> Session: Class initialized using 'CodeIgniter\Session\Handlers\FileHandler' driver.
CRITICAL - 2024-07-07 09:33:28 --> TypeError: usort(): Argument #1 ($array) must be of type array, stdClass given
in APPPATH\Views\user\home-user.php on line 20.
 1 APPPATH\Views\user\home-user.php(20): usort(Object(stdClass), Object(Closure))
 2 SYSTEMPATH\View\View.php(228): include('C:\\xampp\\htdocs\\perpustakaan-ci\\app\\Views\\user\\home-user.php')
 3 SYSTEMPATH\View\View.php(231): CodeIgniter\View\View->CodeIgniter\View\{closure}()
 4 SYSTEMPATH\Common.php(1178): CodeIgniter\View\View->render('user/home-user', [], true)
 5 APPPATH\Controllers\HomeUser.php(37): view('user/home-user', [...])
 6 SYSTEMPATH\CodeIgniter.php(943): App\Controllers\HomeUser->search()
 7 SYSTEMPATH\CodeIgniter.php(503): CodeIgniter\CodeIgniter->runController(Object(App\Controllers\HomeUser))
 8 SYSTEMPATH\CodeIgniter.php(361): CodeIgniter\CodeIgniter->handleRequest(null, Object(Config\Cache), false)
 9 FCPATH\index.php(79): CodeIgniter\CodeIgniter->run()
CRITICAL - 2024-07-07 09:37:43 --> ErrorException: Attempt to read property "stok_buku" on string
in APPPATH\Views\user\home-user.php on line 24.
 1 APPPATH\Views\user\home-user.php(24): CodeIgniter\Debug\Exceptions->errorHandler(2, 'Attempt to read property "stok_buku" on string', 'C:\\xampp\\htdocs\\perpustakaan-ci\\app\\Views\\user\\home-user.php', 24)
 2 SYSTEMPATH\View\View.php(228): include('C:\\xampp\\htdocs\\perpustakaan-ci\\app\\Views\\user\\home-user.php')
 3 SYSTEMPATH\View\View.php(231): CodeIgniter\View\View->CodeIgniter\View\{closure}()
 4 SYSTEMPATH\Common.php(1178): CodeIgniter\View\View->render('user/home-user', [], true)
 5 APPPATH\Controllers\HomeUser.php(37): view('user/home-user', [...])
 6 SYSTEMPATH\CodeIgniter.php(943): App\Controllers\HomeUser->search()
 7 SYSTEMPATH\CodeIgniter.php(503): CodeIgniter\CodeIgniter->runController(Object(App\Controllers\HomeUser))
 8 SYSTEMPATH\CodeIgniter.php(361): CodeIgniter\CodeIgniter->handleRequest(null, Object(Config\Cache), false)
 9 FCPATH\index.php(79): CodeIgniter\CodeIgniter->run()
CRITICAL - 2024-07-07 09:39:03 --> TypeError: usort(): Argument #1 ($array) must be of type array, stdClass given
in APPPATH\Views\user\home-user.php on line 20.
 1 APPPATH\Views\user\home-user.php(20): usort(Object(stdClass), Object(Closure))
 2 SYSTEMPATH\View\View.php(228): include('C:\\xampp\\htdocs\\perpustakaan-ci\\app\\Views\\user\\home-user.php')
 3 SYSTEMPATH\View\View.php(231): CodeIgniter\View\View->CodeIgniter\View\{closure}()
 4 SYSTEMPATH\Common.php(1178): CodeIgniter\View\View->render('user/home-user', [], true)
 5 APPPATH\Controllers\HomeUser.php(37): view('user/home-user', [...])
 6 SYSTEMPATH\CodeIgniter.php(943): App\Controllers\HomeUser->search()
 7 SYSTEMPATH\CodeIgniter.php(503): CodeIgniter\CodeIgniter->runController(Object(App\Controllers\HomeUser))
 8 SYSTEMPATH\CodeIgniter.php(361): CodeIgniter\CodeIgniter->handleRequest(null, Object(Config\Cache), false)
 9 FCPATH\index.php(79): CodeIgniter\CodeIgniter->run()
CRITICAL - 2024-07-07 09:39:13 --> ErrorException: Attempt to read property "stok_buku" on string
in APPPATH\Views\user\home-user.php on line 24.
 1 APPPATH\Views\user\home-user.php(24): CodeIgniter\Debug\Exceptions->errorHandler(2, 'Attempt to read property "stok_buku" on string', 'C:\\xampp\\htdocs\\perpustakaan-ci\\app\\Views\\user\\home-user.php', 24)
 2 SYSTEMPATH\View\View.php(228): include('C:\\xampp\\htdocs\\perpustakaan-ci\\app\\Views\\user\\home-user.php')
 3 SYSTEMPATH\View\View.php(231): CodeIgniter\View\View->CodeIgniter\View\{closure}()
 4 SYSTEMPATH\Common.php(1178): CodeIgniter\View\View->render('user/home-user', [], true)
 5 APPPATH\Controllers\HomeUser.php(37): view('user/home-user', [...])
 6 SYSTEMPATH\CodeIgniter.php(943): App\Controllers\HomeUser->search()
 7 SYSTEMPATH\CodeIgniter.php(503): CodeIgniter\CodeIgniter->runController(Object(App\Controllers\HomeUser))
 8 SYSTEMPATH\CodeIgniter.php(361): CodeIgniter\CodeIgniter->handleRequest(null, Object(Config\Cache), false)
 9 FCPATH\index.php(79): CodeIgniter\CodeIgniter->run()
CRITICAL - 2024-07-07 09:39:54 --> ErrorException: Attempt to read property "stok_buku" on string
in APPPATH\Views\user\home-user.php on line 24.
 1 APPPATH\Views\user\home-user.php(24): CodeIgniter\Debug\Exceptions->errorHandler(2, 'Attempt to read property "stok_buku" on string', 'C:\\xampp\\htdocs\\perpustakaan-ci\\app\\Views\\user\\home-user.php', 24)
 2 SYSTEMPATH\View\View.php(228): include('C:\\xampp\\htdocs\\perpustakaan-ci\\app\\Views\\user\\home-user.php')
 3 SYSTEMPATH\View\View.php(231): CodeIgniter\View\View->CodeIgniter\View\{closure}()
 4 SYSTEMPATH\Common.php(1178): CodeIgniter\View\View->render('user/home-user', [], true)
 5 APPPATH\Controllers\HomeUser.php(37): view('user/home-user', [...])
 6 SYSTEMPATH\CodeIgniter.php(943): App\Controllers\HomeUser->search()
 7 SYSTEMPATH\CodeIgniter.php(503): CodeIgniter\CodeIgniter->runController(Object(App\Controllers\HomeUser))
 8 SYSTEMPATH\CodeIgniter.php(361): CodeIgniter\CodeIgniter->handleRequest(null, Object(Config\Cache), false)
 9 FCPATH\index.php(79): CodeIgniter\CodeIgniter->run()
CRITICAL - 2024-07-07 09:40:29 --> ErrorException: Attempt to read property "stok_buku" on string
in APPPATH\Views\user\home-user.php on line 24.
 1 APPPATH\Views\user\home-user.php(24): CodeIgniter\Debug\Exceptions->errorHandler(2, 'Attempt to read property "stok_buku" on string', 'C:\\xampp\\htdocs\\perpustakaan-ci\\app\\Views\\user\\home-user.php', 24)
 2 SYSTEMPATH\View\View.php(228): include('C:\\xampp\\htdocs\\perpustakaan-ci\\app\\Views\\user\\home-user.php')
 3 SYSTEMPATH\View\View.php(231): CodeIgniter\View\View->CodeIgniter\View\{closure}()
 4 SYSTEMPATH\Common.php(1178): CodeIgniter\View\View->render('user/home-user', [], true)
 5 APPPATH\Controllers\HomeUser.php(37): view('user/home-user', [...])
 6 SYSTEMPATH\CodeIgniter.php(943): App\Controllers\HomeUser->search()
 7 SYSTEMPATH\CodeIgniter.php(503): CodeIgniter\CodeIgniter->runController(Object(App\Controllers\HomeUser))
 8 SYSTEMPATH\CodeIgniter.php(361): CodeIgniter\CodeIgniter->handleRequest(null, Object(Config\Cache), false)
 9 FCPATH\index.php(79): CodeIgniter\CodeIgniter->run()
