INFO - 2024-06-13 01:07:57 --> Session: Class initialized using 'CodeIgniter\Session\Handlers\FileHandler' driver.
INFO - 2024-06-13 12:14:41 --> Session: Class initialized using 'CodeIgniter\Session\Handlers\FileHandler' driver.
INFO - 2024-06-13 22:50:52 --> Session: Class initialized using 'CodeIgniter\Session\Handlers\FileHandler' driver.
CRITICAL - 2024-06-13 22:55:28 --> TypeError: number_format(): Argument #1 ($num) must be of type float, string given
in APPPATH\Views\user\produk.php on line 32.
 1 APPPATH\Views\user\produk.php(32): number_format('Herbisida ', 0, ',', '.')
 2 SYSTEMPATH\View\View.php(228): include('C:\\xampp\\htdocs\\kelompok1\\app\\Views\\user\\produk.php')
 3 SYSTEMPATH\View\View.php(231): CodeIgniter\View\View->CodeIgniter\View\{closure}()
 4 SYSTEMPATH\Common.php(1178): CodeIgniter\View\View->render('user/produk', [], true)
 5 APPPATH\Controllers\Barang.php(109): view('user/produk', [...])
 6 SYSTEMPATH\CodeIgniter.php(943): App\Controllers\Barang->Produk()
 7 SYSTEMPATH\CodeIgniter.php(503): CodeIgniter\CodeIgniter->runController(Object(App\Controllers\Barang))
 8 SYSTEMPATH\CodeIgniter.php(361): CodeIgniter\CodeIgniter->handleRequest(null, Object(Config\Cache), false)
 9 FCPATH\index.php(79): CodeIgniter\CodeIgniter->run()
INFO - 2024-06-13 23:22:28 --> Session: Class initialized using 'CodeIgniter\Session\Handlers\FileHandler' driver.
INFO - 2024-06-13 23:22:42 --> Session: Class initialized using 'CodeIgniter\Session\Handlers\FileHandler' driver.
INFO - 2024-06-13 23:22:47 --> Session: Class initialized using 'CodeIgniter\Session\Handlers\FileHandler' driver.
CRITICAL - 2024-06-13 23:26:05 --> ErrorException: Attempt to read property "jumlah_order" on null
in APPPATH\Views\keranjang\edit_keranjang.php on line 15.
 1 APPPATH\Views\keranjang\edit_keranjang.php(15): CodeIgniter\Debug\Exceptions->errorHandler(2, 'Attempt to read property "jumlah_order" on null', 'C:\\xampp\\htdocs\\kelompok1\\app\\Views\\keranjang\\edit_keranjang.php', 15)
 2 SYSTEMPATH\View\View.php(228): include('C:\\xampp\\htdocs\\kelompok1\\app\\Views\\keranjang\\edit_keranjang.php')
 3 SYSTEMPATH\View\View.php(231): CodeIgniter\View\View->CodeIgniter\View\{closure}()
 4 SYSTEMPATH\Common.php(1178): CodeIgniter\View\View->render('keranjang/edit_keranjang.php', [], true)
 5 APPPATH\Controllers\Keranjang.php(75): view('keranjang/edit_keranjang.php', [...])
 6 SYSTEMPATH\CodeIgniter.php(943): App\Controllers\Keranjang->edit('carousel.css')
 7 SYSTEMPATH\CodeIgniter.php(503): CodeIgniter\CodeIgniter->runController(Object(App\Controllers\Keranjang))
 8 SYSTEMPATH\CodeIgniter.php(361): CodeIgniter\CodeIgniter->handleRequest(null, Object(Config\Cache), false)
 9 FCPATH\index.php(79): CodeIgniter\CodeIgniter->run()
CRITICAL - 2024-06-13 23:26:19 --> ErrorException: Attempt to read property "jumlah_order" on null
in APPPATH\Views\keranjang\edit_keranjang.php on line 15.
 1 APPPATH\Views\keranjang\edit_keranjang.php(15): CodeIgniter\Debug\Exceptions->errorHandler(2, 'Attempt to read property "jumlah_order" on null', 'C:\\xampp\\htdocs\\kelompok1\\app\\Views\\keranjang\\edit_keranjang.php', 15)
 2 SYSTEMPATH\View\View.php(228): include('C:\\xampp\\htdocs\\kelompok1\\app\\Views\\keranjang\\edit_keranjang.php')
 3 SYSTEMPATH\View\View.php(231): CodeIgniter\View\View->CodeIgniter\View\{closure}()
 4 SYSTEMPATH\Common.php(1178): CodeIgniter\View\View->render('keranjang/edit_keranjang.php', [], true)
 5 APPPATH\Controllers\Keranjang.php(75): view('keranjang/edit_keranjang.php', [...])
 6 SYSTEMPATH\CodeIgniter.php(943): App\Controllers\Keranjang->edit('carousel.css')
 7 SYSTEMPATH\CodeIgniter.php(503): CodeIgniter\CodeIgniter->runController(Object(App\Controllers\Keranjang))
 8 SYSTEMPATH\CodeIgniter.php(361): CodeIgniter\CodeIgniter->handleRequest(null, Object(Config\Cache), false)
 9 FCPATH\index.php(79): CodeIgniter\CodeIgniter->run()
INFO - 2024-06-13 23:26:27 --> Session: Class initialized using 'CodeIgniter\Session\Handlers\FileHandler' driver.
INFO - 2024-06-13 23:26:36 --> Session: Class initialized using 'CodeIgniter\Session\Handlers\FileHandler' driver.
ERROR - 2024-06-13 23:26:36 --> mysqli_sql_exception: Cannot add or update a child row: a foreign key constraint fails (`kelompok1`.`tbl_pesanan`, CONSTRAINT `user2` FOREIGN KEY (`id_user`) REFERENCES `tbl_user` (`id_user`)) in C:\xampp\htdocs\kelompok1\system\Database\MySQLi\Connection.php:306
Stack trace:
#0 C:\xampp\htdocs\kelompok1\system\Database\MySQLi\Connection.php(306): mysqli->query('INSERT INTO `tb...', 0)
#1 C:\xampp\htdocs\kelompok1\system\Database\BaseConnection.php(693): CodeIgniter\Database\MySQLi\Connection->execute('INSERT INTO `tb...')
#2 C:\xampp\htdocs\kelompok1\system\Database\BaseConnection.php(607): CodeIgniter\Database\BaseConnection->simpleQuery('INSERT INTO `tb...')
#3 C:\xampp\htdocs\kelompok1\system\Database\BaseBuilder.php(2307): CodeIgniter\Database\BaseConnection->query('INSERT INTO `tb...', Array, false)
#4 C:\xampp\htdocs\kelompok1\app\Models\M_pemesanan.php(36): CodeIgniter\Database\BaseBuilder->insert(Array)
#5 C:\xampp\htdocs\kelompok1\app\Controllers\Pemesanan.php(60): App\Models\M_pemesanan->add(Array)
#6 C:\xampp\htdocs\kelompok1\system\CodeIgniter.php(943): App\Controllers\Pemesanan->tambah()
#7 C:\xampp\htdocs\kelompok1\system\CodeIgniter.php(503): CodeIgniter\CodeIgniter->runController(Object(App\Controllers\Pemesanan))
#8 C:\xampp\htdocs\kelompok1\system\CodeIgniter.php(361): CodeIgniter\CodeIgniter->handleRequest(NULL, Object(Config\Cache), false)
#9 C:\xampp\htdocs\kelompok1\index.php(79): CodeIgniter\CodeIgniter->run()
#10 {main}
CRITICAL - 2024-06-13 23:26:36 --> CodeIgniter\Database\Exceptions\DatabaseException: Cannot add or update a child row: a foreign key constraint fails (`kelompok1`.`tbl_pesanan`, CONSTRAINT `user2` FOREIGN KEY (`id_user`) REFERENCES `tbl_user` (`id_user`))
in SYSTEMPATH\Database\BaseConnection.php on line 647.
 1 SYSTEMPATH\Database\BaseBuilder.php(2307): CodeIgniter\Database\BaseConnection->query('INSERT INTO `tbl_pesanan` (`kode_pesanan`, `nama_pemesan`, `alamat_pemesan`, `kode_keranjang`, `kode_barang`, `id_pembayaran`, `status_pesanan`, `bukti_pembayaran`) VALUES (:kode_pesanan:, :nama_pemesan:, :alamat_pemesan:, :kode_keranjang:, :kode_barang:, :id_pembayaran:, :status_pesanan:, :bukti_pembayaran:)', [...], false)
 2 APPPATH\Models\M_pemesanan.php(36): CodeIgniter\Database\BaseBuilder->insert([...])
 3 APPPATH\Controllers\Pemesanan.php(60): App\Models\M_pemesanan->add([...])
 4 SYSTEMPATH\CodeIgniter.php(943): App\Controllers\Pemesanan->tambah()
 5 SYSTEMPATH\CodeIgniter.php(503): CodeIgniter\CodeIgniter->runController(Object(App\Controllers\Pemesanan))
 6 SYSTEMPATH\CodeIgniter.php(361): CodeIgniter\CodeIgniter->handleRequest(null, Object(Config\Cache), false)
 7 FCPATH\index.php(79): CodeIgniter\CodeIgniter->run()
CRITICAL - 2024-06-13 23:26:36 --> [Caused by] CodeIgniter\Database\Exceptions\DatabaseException: Cannot add or update a child row: a foreign key constraint fails (`kelompok1`.`tbl_pesanan`, CONSTRAINT `user2` FOREIGN KEY (`id_user`) REFERENCES `tbl_user` (`id_user`))
in SYSTEMPATH\Database\MySQLi\Connection.php on line 311.
 1 SYSTEMPATH\Database\BaseConnection.php(693): CodeIgniter\Database\MySQLi\Connection->execute('INSERT INTO `tbl_pesanan` (`kode_pesanan`, `nama_pemesan`, `alamat_pemesan`, `kode_keranjang`, `kode_barang`, `id_pembayaran`, `status_pesanan`, `bukti_pembayaran`) VALUES (NULL, \'pelanggan1\', \'Jl. Hasan Kepala Ratu No.1052, Sindang Sari, Kec. \', \'1\', \'O1237\', \'2\', \'Sedang disiapkan penjual\', \'Belum dibayar\')')
 2 SYSTEMPATH\Database\BaseConnection.php(607): CodeIgniter\Database\BaseConnection->simpleQuery('INSERT INTO `tbl_pesanan` (`kode_pesanan`, `nama_pemesan`, `alamat_pemesan`, `kode_keranjang`, `kode_barang`, `id_pembayaran`, `status_pesanan`, `bukti_pembayaran`) VALUES (NULL, \'pelanggan1\', \'Jl. Hasan Kepala Ratu No.1052, Sindang Sari, Kec. \', \'1\', \'O1237\', \'2\', \'Sedang disiapkan penjual\', \'Belum dibayar\')')
 3 SYSTEMPATH\Database\BaseBuilder.php(2307): CodeIgniter\Database\BaseConnection->query('INSERT INTO `tbl_pesanan` (`kode_pesanan`, `nama_pemesan`, `alamat_pemesan`, `kode_keranjang`, `kode_barang`, `id_pembayaran`, `status_pesanan`, `bukti_pembayaran`) VALUES (:kode_pesanan:, :nama_pemesan:, :alamat_pemesan:, :kode_keranjang:, :kode_barang:, :id_pembayaran:, :status_pesanan:, :bukti_pembayaran:)', [...], false)
 4 APPPATH\Models\M_pemesanan.php(36): CodeIgniter\Database\BaseBuilder->insert([...])
 5 APPPATH\Controllers\Pemesanan.php(60): App\Models\M_pemesanan->add([...])
 6 SYSTEMPATH\CodeIgniter.php(943): App\Controllers\Pemesanan->tambah()
 7 SYSTEMPATH\CodeIgniter.php(503): CodeIgniter\CodeIgniter->runController(Object(App\Controllers\Pemesanan))
 8 SYSTEMPATH\CodeIgniter.php(361): CodeIgniter\CodeIgniter->handleRequest(null, Object(Config\Cache), false)
 9 FCPATH\index.php(79): CodeIgniter\CodeIgniter->run()
CRITICAL - 2024-06-13 23:26:36 --> [Caused by] mysqli_sql_exception: Cannot add or update a child row: a foreign key constraint fails (`kelompok1`.`tbl_pesanan`, CONSTRAINT `user2` FOREIGN KEY (`id_user`) REFERENCES `tbl_user` (`id_user`))
in SYSTEMPATH\Database\MySQLi\Connection.php on line 306.
 1 SYSTEMPATH\Database\MySQLi\Connection.php(306): mysqli->query('INSERT INTO `tbl_pesanan` (`kode_pesanan`, `nama_pemesan`, `alamat_pemesan`, `kode_keranjang`, `kode_barang`, `id_pembayaran`, `status_pesanan`, `bukti_pembayaran`) VALUES (NULL, \'pelanggan1\', \'Jl. Hasan Kepala Ratu No.1052, Sindang Sari, Kec. \', \'1\', \'O1237\', \'2\', \'Sedang disiapkan penjual\', \'Belum dibayar\')', 0)
 2 SYSTEMPATH\Database\BaseConnection.php(693): CodeIgniter\Database\MySQLi\Connection->execute('INSERT INTO `tbl_pesanan` (`kode_pesanan`, `nama_pemesan`, `alamat_pemesan`, `kode_keranjang`, `kode_barang`, `id_pembayaran`, `status_pesanan`, `bukti_pembayaran`) VALUES (NULL, \'pelanggan1\', \'Jl. Hasan Kepala Ratu No.1052, Sindang Sari, Kec. \', \'1\', \'O1237\', \'2\', \'Sedang disiapkan penjual\', \'Belum dibayar\')')
 3 SYSTEMPATH\Database\BaseConnection.php(607): CodeIgniter\Database\BaseConnection->simpleQuery('INSERT INTO `tbl_pesanan` (`kode_pesanan`, `nama_pemesan`, `alamat_pemesan`, `kode_keranjang`, `kode_barang`, `id_pembayaran`, `status_pesanan`, `bukti_pembayaran`) VALUES (NULL, \'pelanggan1\', \'Jl. Hasan Kepala Ratu No.1052, Sindang Sari, Kec. \', \'1\', \'O1237\', \'2\', \'Sedang disiapkan penjual\', \'Belum dibayar\')')
 4 SYSTEMPATH\Database\BaseBuilder.php(2307): CodeIgniter\Database\BaseConnection->query('INSERT INTO `tbl_pesanan` (`kode_pesanan`, `nama_pemesan`, `alamat_pemesan`, `kode_keranjang`, `kode_barang`, `id_pembayaran`, `status_pesanan`, `bukti_pembayaran`) VALUES (:kode_pesanan:, :nama_pemesan:, :alamat_pemesan:, :kode_keranjang:, :kode_barang:, :id_pembayaran:, :status_pesanan:, :bukti_pembayaran:)', [...], false)
 5 APPPATH\Models\M_pemesanan.php(36): CodeIgniter\Database\BaseBuilder->insert([...])
 6 APPPATH\Controllers\Pemesanan.php(60): App\Models\M_pemesanan->add([...])
 7 SYSTEMPATH\CodeIgniter.php(943): App\Controllers\Pemesanan->tambah()
 8 SYSTEMPATH\CodeIgniter.php(503): CodeIgniter\CodeIgniter->runController(Object(App\Controllers\Pemesanan))
 9 SYSTEMPATH\CodeIgniter.php(361): CodeIgniter\CodeIgniter->handleRequest(null, Object(Config\Cache), false)
10 FCPATH\index.php(79): CodeIgniter\CodeIgniter->run()
INFO - 2024-06-13 23:28:21 --> Session: Class initialized using 'CodeIgniter\Session\Handlers\FileHandler' driver.
